2020-06-20 03:00:23,102 [1] DEBUG MKViewModel.MK2DStartupSettings - our wst endpoint was set to 127.0.0.1:9000
2020-06-20 03:00:25,151 [1] DEBUG MKService.ServiceClient - Attempting to retrieve query of type 'MKService.Queries.UserCollectionQuery'.
2020-06-20 03:00:25,270 [1] DEBUG MKService.ServiceClient - Subscribing to messages of type 'MKService.Messages.MageKnightChanged'.
2020-06-20 03:00:25,273 [1] DEBUG MKService.ServiceClient - Subscribing to messages of type 'MKService.Messages.MageKnightCoordinatesChanged'.
2020-06-20 03:00:25,274 [1] DEBUG MKService.ServiceClient - Subscribing to messages of type 'MKService.Messages.MageKnightChanged'.
2020-06-20 03:00:25,275 [1] DEBUG MKService.ServiceClient - Subscribing to messages of type 'MKService.Messages.MageKnightCoordinatesChanged'.
2020-06-20 03:00:25,275 [1] DEBUG MKService.ServiceClient - Subscribing to messages of type 'MKService.Messages.MageKnightChanged'.
2020-06-20 03:00:25,275 [1] DEBUG MKService.ServiceClient - Subscribing to messages of type 'MKService.Messages.MageKnightCoordinatesChanged'.
2020-06-20 03:00:25,275 [1] DEBUG MKService.ServiceClient - Subscribing to messages of type 'MKService.Messages.MageKnightChanged'.
2020-06-20 03:00:25,275 [1] DEBUG MKService.ServiceClient - Subscribing to messages of type 'MKService.Messages.MageKnightCoordinatesChanged'.
2020-06-20 03:00:25,275 [1] DEBUG MKService.ServiceClient - Subscribing to messages of type 'MKService.Messages.MageKnightChanged'.
2020-06-20 03:00:25,275 [1] DEBUG MKService.ServiceClient - Subscribing to messages of type 'MKService.Messages.MageKnightCoordinatesChanged'.
2020-06-20 03:00:25,275 [1] DEBUG MKService.ServiceClient - Subscribing to messages of type 'MKService.Messages.MageKnightChanged'.
2020-06-20 03:00:25,275 [1] DEBUG MKService.ServiceClient - Subscribing to messages of type 'MKService.Messages.MageKnightCoordinatesChanged'.
2020-06-20 03:00:25,275 [1] DEBUG MKService.ServiceClient - Subscribing to messages of type 'MKService.Messages.MageKnightChanged'.
2020-06-20 03:00:25,275 [1] DEBUG MKService.ServiceClient - Subscribing to messages of type 'MKService.Messages.MageKnightCoordinatesChanged'.
2020-06-20 03:00:25,275 [1] DEBUG MKService.ServiceClient - Subscribing to messages of type 'MKService.Messages.MageKnightChanged'.
2020-06-20 03:00:25,275 [1] DEBUG MKService.ServiceClient - Subscribing to messages of type 'MKService.Messages.MageKnightCoordinatesChanged'.
2020-06-20 03:00:25,275 [1] DEBUG MKService.ServiceClient - Subscribing to messages of type 'MKService.Messages.MageKnightChanged'.
2020-06-20 03:00:25,275 [1] DEBUG MKService.ServiceClient - Subscribing to messages of type 'MKService.Messages.MageKnightCoordinatesChanged'.
2020-06-20 03:00:25,275 [1] DEBUG MKService.ServiceClient - Subscribing to messages of type 'MKService.Messages.MageKnightChanged'.
2020-06-20 03:00:25,275 [1] DEBUG MKService.ServiceClient - Subscribing to messages of type 'MKService.Messages.MageKnightCoordinatesChanged'.
2020-06-20 03:00:25,275 [1] DEBUG MKService.ServiceClient - Subscribing to messages of type 'MKService.Messages.MageKnightChanged'.
2020-06-20 03:00:25,275 [1] DEBUG MKService.ServiceClient - Subscribing to messages of type 'MKService.Messages.MageKnightCoordinatesChanged'.
2020-06-20 03:00:25,275 [1] DEBUG MKService.ServiceClient - Subscribing to messages of type 'MKService.Messages.MageKnightChanged'.
2020-06-20 03:00:25,276 [1] DEBUG MKService.ServiceClient - Subscribing to messages of type 'MKService.Messages.MageKnightCoordinatesChanged'.
2020-06-20 03:00:25,276 [1] DEBUG MKService.ServiceClient - Subscribing to messages of type 'MKService.Messages.MageKnightChanged'.
2020-06-20 03:00:25,276 [1] DEBUG MKService.ServiceClient - Subscribing to messages of type 'MKService.Messages.MageKnightCoordinatesChanged'.
2020-06-20 03:00:25,276 [1] DEBUG MKService.ServiceClient - Subscribing to messages of type 'MKService.Messages.MageKnightChanged'.
2020-06-20 03:00:25,276 [1] DEBUG MKService.ServiceClient - Subscribing to messages of type 'MKService.Messages.MageKnightCoordinatesChanged'.
2020-06-20 03:00:25,276 [1] DEBUG MKService.ServiceClient - Subscribing to messages of type 'MKService.Messages.MageKnightChanged'.
2020-06-20 03:00:25,276 [1] DEBUG MKService.ServiceClient - Subscribing to messages of type 'MKService.Messages.MageKnightCoordinatesChanged'.
2020-06-20 03:00:25,276 [1] DEBUG MKService.ServiceClient - Subscribing to messages of type 'MKService.Messages.MageKnightChanged'.
2020-06-20 03:00:25,276 [1] DEBUG MKService.ServiceClient - Subscribing to messages of type 'MKService.Messages.MageKnightCoordinatesChanged'.
2020-06-20 03:00:25,276 [1] DEBUG MKService.ServiceClient - Subscribing to messages of type 'MKService.Messages.MageKnightChanged'.
2020-06-20 03:00:25,276 [1] DEBUG MKService.ServiceClient - Subscribing to messages of type 'MKService.Messages.MageKnightCoordinatesChanged'.
2020-06-20 03:00:25,276 [1] DEBUG MKService.ServiceClient - Subscribing to messages of type 'MKService.Messages.MageKnightChanged'.
2020-06-20 03:00:25,276 [1] DEBUG MKService.ServiceClient - Subscribing to messages of type 'MKService.Messages.MageKnightCoordinatesChanged'.
2020-06-20 03:00:25,276 [1] DEBUG MKService.ServiceClient - Subscribing to messages of type 'MKService.Messages.MageKnightChanged'.
2020-06-20 03:00:25,276 [1] DEBUG MKService.ServiceClient - Subscribing to messages of type 'MKService.Messages.MageKnightCoordinatesChanged'.
2020-06-20 03:00:25,276 [1] DEBUG MKService.ServiceClient - Subscribing to messages of type 'MKService.Messages.MageKnightChanged'.
2020-06-20 03:00:25,276 [1] DEBUG MKService.ServiceClient - Subscribing to messages of type 'MKService.Messages.MageKnightCoordinatesChanged'.
2020-06-20 03:00:25,276 [1] DEBUG MKService.ServiceClient - Subscribing to messages of type 'MKService.Messages.MageKnightChanged'.
2020-06-20 03:00:25,276 [1] DEBUG MKService.ServiceClient - Subscribing to messages of type 'MKService.Messages.MageKnightCoordinatesChanged'.
2020-06-20 03:00:25,277 [1] DEBUG MKService.ServiceClient - Subscribing to messages of type 'MKService.Messages.UserChanged'.
2020-06-20 03:00:25,277 [1] DEBUG MKService.ServiceClient - Subscribing to messages of type 'MKService.Messages.UserInventoryAdd'.
2020-06-20 03:00:25,280 [1] DEBUG MKService.ServiceClient - Subscribing to messages of type 'MKService.Messages.UserAddedMageToArmy'.
2020-06-20 03:00:25,282 [1] DEBUG MKService.ServiceClient - Subscribing to messages of type 'MKService.Messages.UserChanged'.
2020-06-20 03:00:25,282 [1] DEBUG MKService.ServiceClient - Subscribing to messages of type 'MKService.Messages.UserInventoryAdd'.
2020-06-20 03:00:25,282 [1] DEBUG MKService.ServiceClient - Subscribing to messages of type 'MKService.Messages.UserAddedMageToArmy'.
2020-06-20 03:00:25,282 [1] DEBUG MKService.ServiceClient - Subscribing to messages of type 'MKService.Messages.MageKnightChanged'.
2020-06-20 03:00:25,282 [1] DEBUG MKService.ServiceClient - Subscribing to messages of type 'MKService.Messages.MageKnightCoordinatesChanged'.
2020-06-20 03:00:25,282 [1] DEBUG MKService.ServiceClient - Subscribing to messages of type 'MKService.Messages.MageKnightChanged'.
2020-06-20 03:00:25,282 [1] DEBUG MKService.ServiceClient - Subscribing to messages of type 'MKService.Messages.MageKnightCoordinatesChanged'.
2020-06-20 03:00:25,282 [1] DEBUG MKService.ServiceClient - Subscribing to messages of type 'MKService.Messages.MageKnightChanged'.
2020-06-20 03:00:25,282 [1] DEBUG MKService.ServiceClient - Subscribing to messages of type 'MKService.Messages.MageKnightCoordinatesChanged'.
2020-06-20 03:00:25,282 [1] DEBUG MKService.ServiceClient - Subscribing to messages of type 'MKService.Messages.MageKnightChanged'.
2020-06-20 03:00:25,282 [1] DEBUG MKService.ServiceClient - Subscribing to messages of type 'MKService.Messages.MageKnightCoordinatesChanged'.
2020-06-20 03:00:25,282 [1] DEBUG MKService.ServiceClient - Subscribing to messages of type 'MKService.Messages.MageKnightChanged'.
2020-06-20 03:00:25,282 [1] DEBUG MKService.ServiceClient - Subscribing to messages of type 'MKService.Messages.MageKnightCoordinatesChanged'.
2020-06-20 03:00:25,282 [1] DEBUG MKService.ServiceClient - Subscribing to messages of type 'MKService.Messages.UserChanged'.
2020-06-20 03:00:25,282 [1] DEBUG MKService.ServiceClient - Subscribing to messages of type 'MKService.Messages.UserInventoryAdd'.
2020-06-20 03:00:25,282 [1] DEBUG MKService.ServiceClient - Subscribing to messages of type 'MKService.Messages.UserAddedMageToArmy'.
2020-06-20 03:00:25,282 [1] DEBUG MKService.ServiceClient - Subscribing to messages of type 'MKService.Messages.UserCollectionAdd'.
2020-06-20 03:00:25,283 [1] DEBUG MKService.ServiceClient - Subscribing to messages of type 'MKService.Messages.UserSignUp'.
2020-06-20 03:00:25,285 [1] DEBUG MKService.ServiceClient - Subscribing to messages of type 'MKService.Messages.UserSignIn'.
2020-06-20 03:00:33,209 [1] DEBUG MKService.ModelUpdaters.UserIsSignedInChangedUpdater - Updating model of type 'MKService.Updates.IUpdatableUser' with message of type 'MKService.Messages.UserIsSignedInChanged'.
2020-06-20 03:00:33,216 [1] DEBUG MKService.ServiceClient - Attempting to retrieve query of type 'MKService.Queries.GamesQuery'.
2020-06-20 03:00:33,221 [1] DEBUG MKService.ServiceClient - Subscribing to messages of type 'MKService.Messages.GameHosted'.
2020-06-20 03:00:33,222 [1] DEBUG MKService.ServiceClient - Subscribing to messages of type 'MKService.Messages.GamesChanged'.
2020-06-20 03:00:33,240 [1] DEBUG MKService.ServiceClient - Publishing message of type 'MKService.Messages.UserIsSignedInChanged' with contents:
UserIsSignedInChanged:
{
	IsSignedIn: True
	OriginationHash: 14308
	UserId: d71bee60-75b4-455e-9391-c05fc140edbd
}.
2020-06-20 03:00:38,902 [1] DEBUG MKService.ServiceClient - Received published message of type 'MKService.Messages.UserAddedMageToArmy' and contents:
UserAddedMageToArmy:
{
	Id: 169e943b-8ac4-4dda-b682-81f46545e043
	InstantiatedId: 33e5f15e-784d-4a78-915e-25653539f3f9
	OriginationHash: 8208
	UserId: 2cb6fa2a-4c1c-4f09-bcd1-5228fda8932b
}.
2020-06-20 03:00:38,905 [1] DEBUG MKService.ModelUpdaters.UserAddedMageToArmyUpdater - Updating model of type 'MKService.Updates.IUpdatableUser' with message of type 'MKService.Messages.UserAddedMageToArmy'.
2020-06-20 03:00:38,907 [1] DEBUG MKService.ServiceClient - Subscribing to messages of type 'MKService.Messages.MageKnightChanged'.
2020-06-20 03:00:38,907 [1] DEBUG MKService.ServiceClient - Subscribing to messages of type 'MKService.Messages.MageKnightCoordinatesChanged'.
2020-06-20 03:00:38,910 [1] DEBUG MKService.ServiceClient - Received published message of type 'MKService.Messages.GamesChanged' and contents:
GamesChanged:
{
	Id: 2cb6fa2a-4c1c-4f09-bcd1-5228fda8932b
	OriginationHash: 8208
}.
2020-06-20 03:00:38,912 [1] DEBUG MKService.ModelUpdaters.GamesChangedModelUpdater - Updating model of type 'MKService.Updates.IUpdatableGames' with message of type 'MKService.Messages.GamesChanged'.
2020-06-20 03:00:38,917 [1] DEBUG MKService.ServiceClient - Subscribing to messages of type 'MKService.Messages.GameChanged'.
2020-06-20 03:00:38,918 [1] DEBUG MKService.ServiceClient - Subscribing to messages of type 'MKService.Messages.GameJoined'.
2020-06-20 03:00:38,918 [1] DEBUG MKService.ServiceClient - Attempting to retrieve query of type 'MKService.Queries.UserQuery'.
2020-06-20 03:00:41,969 [1] DEBUG MKService.ModelUpdaters.UserAddedMageToArmyUpdater - Updating model of type 'MKService.Updates.IUpdatableUser' with message of type 'MKService.Messages.UserAddedMageToArmy'.
2020-06-20 03:00:41,970 [1] DEBUG MKService.ServiceClient - Subscribing to messages of type 'MKService.Messages.MageKnightChanged'.
2020-06-20 03:00:41,970 [1] DEBUG MKService.ServiceClient - Subscribing to messages of type 'MKService.Messages.MageKnightCoordinatesChanged'.
2020-06-20 03:00:41,970 [1] DEBUG MKService.ServiceClient - Publishing message of type 'MKService.Messages.UserAddedMageToArmy' with contents:
UserAddedMageToArmy:
{
	Id: 7523e925-0bc1-4ab6-918a-a2c16bf8f760
	InstantiatedId: 27bad36b-0922-447f-a3eb-85defe0d7dd9
	OriginationHash: 14308
	UserId: d71bee60-75b4-455e-9391-c05fc140edbd
}.
2020-06-20 03:00:41,973 [1] DEBUG MKService.ModelUpdaters.GameJoinedUpdater - Updating model of type 'MKService.Updates.IUpdatableGame' with message of type 'MKService.Messages.GameJoined'.
2020-06-20 03:00:42,011 [1] DEBUG MKService.ServiceClient - Publishing message of type 'MKService.Messages.GameJoined' with contents:
GameJoined:
{
	OriginationHash: 14308
}.
2020-06-20 03:00:42,013 [1] DEBUG MKService.ServiceClient - Received self-published message of type 'MKService.Messages.UserAddedMageToArmy'. Message will be ignored.
2020-06-20 03:00:42,029 [1] DEBUG MKService.ServiceClient - Received self-published message of type 'MKService.Messages.GameJoined'. Message will be ignored.
2020-06-20 03:00:50,006 [1] DEBUG MKService.ServiceClient - Publishing message of type 'MKService.Messages.UserSelectedMageChanged' with contents:
UserSelectedMageChanged:
{
	MageKnight: MKService.Proxies.MageKnightProxy
	OriginationHash: 14308
	UserId: d71bee60-75b4-455e-9391-c05fc140edbd
}.
2020-06-20 03:00:54,102 [1] DEBUG MKService.ModelUpdaters.MageKnightCoordinatesChangedUpdater - Updating model of type 'MKService.Updates.IUpdatableMageKnight' with message of type 'MKService.Messages.MageKnightCoordinatesChanged'.
2020-06-20 03:01:09,355 [1] DEBUG MKService.ServiceClient - Publishing message of type 'MKService.Messages.MageKnightCoordinatesChanged' with contents:
MageKnightCoordinatesChanged:
{
	InstantiatedMageId: 27bad36b-0922-447f-a3eb-85defe0d7dd9
	OriginationHash: 14308
	UserId: d71bee60-75b4-455e-9391-c05fc140edbd
	XCoordinate: -202.70928140544
	YCoordinate: -899.035241824531
}.
2020-06-20 03:09:54,960 [1] DEBUG MKService.ModelUpdaters.MageKnightCoordinatesChangedUpdater - Updating model of type 'MKService.Updates.IUpdatableMageKnight' with message of type 'MKService.Messages.MageKnightCoordinatesChanged'.
2020-06-20 03:10:57,298 [1] DEBUG MKService.ServiceClient - Publishing message of type 'MKService.Messages.MageKnightCoordinatesChanged' with contents:
MageKnightCoordinatesChanged:
{
	InstantiatedMageId: 27bad36b-0922-447f-a3eb-85defe0d7dd9
	OriginationHash: 14308
	UserId: d71bee60-75b4-455e-9391-c05fc140edbd
	XCoordinate: 523.505132818287
	YCoordinate: 473.046459942851
}.
